<?xml version="1.0" encoding="UTF-8"?>
<coverage generated="1666979588024" clover="3.2.0">
  <project timestamp="1666979588024" name="All files">
    <metrics statements="53" coveredstatements="53" conditionals="11" coveredconditionals="8" methods="7" coveredmethods="7" elements="71" coveredelements="68" complexity="0" loc="53" ncloc="53" packages="1" files="1" classes="1"/>
    <file name="linkedlist.js" path="/Users/dannaediaz/Desktop/Ksquare/Testing/Linked-list-jest/linkedlist.js">
      <metrics statements="53" coveredstatements="53" conditionals="11" coveredconditionals="8" methods="7" coveredmethods="7"/>
      <line num="5" count="14" type="stmt"/>
      <line num="6" count="14" type="stmt"/>
      <line num="14" count="3" type="stmt"/>
      <line num="15" count="3" type="stmt"/>
      <line num="16" count="3" type="stmt"/>
      <line num="17" count="3" type="stmt"/>
      <line num="21" count="1" type="cond" truecount="1" falsecount="1"/>
      <line num="22" count="1" type="stmt"/>
      <line num="23" count="1" type="stmt"/>
      <line num="24" count="1" type="stmt"/>
      <line num="25" count="5" type="stmt"/>
      <line num="26" count="5" type="stmt"/>
      <line num="28" count="1" type="stmt"/>
      <line num="29" count="1" type="stmt"/>
      <line num="31" count="1" type="stmt"/>
      <line num="35" count="4" type="stmt"/>
      <line num="39" count="4" type="cond" truecount="2" falsecount="0"/>
      <line num="40" count="1" type="stmt"/>
      <line num="41" count="1" type="stmt"/>
      <line num="45" count="3" type="stmt"/>
      <line num="49" count="3" type="stmt"/>
      <line num="50" count="3" type="stmt"/>
      <line num="53" count="3" type="stmt"/>
      <line num="54" count="3" type="stmt"/>
      <line num="56" count="4" type="stmt"/>
      <line num="57" count="4" type="stmt"/>
      <line num="59" count="4" type="stmt"/>
      <line num="63" count="4" type="stmt"/>
      <line num="65" count="4" type="cond" truecount="2" falsecount="0"/>
      <line num="66" count="1" type="stmt"/>
      <line num="67" count="1" type="stmt"/>
      <line num="69" count="3" type="stmt"/>
      <line num="70" count="3" type="stmt"/>
      <line num="73" count="4" type="stmt"/>
      <line num="74" count="4" type="stmt"/>
      <line num="76" count="4" type="stmt"/>
      <line num="81" count="1" type="cond" truecount="1" falsecount="1"/>
      <line num="82" count="1" type="stmt"/>
      <line num="83" count="1" type="stmt"/>
      <line num="85" count="1" type="stmt"/>
      <line num="86" count="1" type="stmt"/>
      <line num="90" count="13" type="stmt"/>
      <line num="91" count="13" type="stmt"/>
      <line num="92" count="13" type="stmt"/>
      <line num="94" count="13" type="cond" truecount="2" falsecount="0"/>
      <line num="95" count="10" type="stmt"/>
      <line num="96" count="10" type="stmt"/>
      <line num="98" count="10" type="stmt"/>
      <line num="99" count="21" type="stmt"/>
      <line num="100" count="21" type="stmt"/>
      <line num="101" count="21" type="stmt"/>
      <line num="106" count="13" type="stmt"/>
      <line num="131" count="1" type="stmt"/>
    </file>
  </project>
</coverage>
