<?xml version="1.0" encoding="UTF-8"?>
<coverage generated="1667000052179" clover="3.2.0">
  <project timestamp="1667000052179" name="All files">
    <metrics statements="110" coveredstatements="103" conditionals="37" coveredconditionals="27" methods="14" coveredmethods="14" elements="161" coveredelements="144" complexity="0" loc="110" ncloc="110" packages="1" files="1" classes="1"/>
    <file name="linkedlist.js" path="/Users/dannaediaz/Desktop/Ksquare/Testing/Linked-list-jest/linkedlist.js">
      <metrics statements="110" coveredstatements="103" conditionals="37" coveredconditionals="27" methods="14" coveredmethods="14"/>
      <line num="5" count="86" type="stmt"/>
      <line num="6" count="86" type="stmt"/>
      <line num="14" count="8" type="stmt"/>
      <line num="15" count="8" type="stmt"/>
      <line num="16" count="8" type="stmt"/>
      <line num="17" count="8" type="stmt"/>
      <line num="23" count="12" type="cond" truecount="1" falsecount="1"/>
      <line num="24" count="0" type="stmt"/>
      <line num="26" count="12" type="cond" truecount="1" falsecount="1"/>
      <line num="27" count="12" type="stmt"/>
      <line num="28" count="12" type="stmt"/>
      <line num="29" count="12" type="stmt"/>
      <line num="30" count="64" type="stmt"/>
      <line num="31" count="64" type="stmt"/>
      <line num="33" count="12" type="stmt"/>
      <line num="34" count="12" type="stmt"/>
      <line num="36" count="12" type="stmt"/>
      <line num="37" count="12" type="stmt"/>
      <line num="42" count="35" type="stmt"/>
      <line num="43" count="35" type="stmt"/>
      <line num="45" count="35" type="cond" truecount="2" falsecount="0"/>
      <line num="46" count="25" type="stmt"/>
      <line num="48" count="25" type="stmt"/>
      <line num="49" count="93" type="stmt"/>
      <line num="50" count="93" type="stmt"/>
      <line num="53" count="35" type="stmt"/>
      <line num="58" count="6" type="stmt"/>
      <line num="59" count="6" type="stmt"/>
      <line num="61" count="6" type="cond" truecount="1" falsecount="1"/>
      <line num="62" count="6" type="stmt"/>
      <line num="64" count="6" type="stmt"/>
      <line num="65" count="36" type="stmt"/>
      <line num="66" count="36" type="stmt"/>
      <line num="69" count="6" type="stmt"/>
      <line num="73" count="4" type="stmt"/>
      <line num="77" count="4" type="cond" truecount="2" falsecount="0"/>
      <line num="78" count="1" type="stmt"/>
      <line num="79" count="1" type="stmt"/>
      <line num="83" count="3" type="stmt"/>
      <line num="87" count="3" type="stmt"/>
      <line num="88" count="3" type="stmt"/>
      <line num="91" count="3" type="stmt"/>
      <line num="92" count="3" type="stmt"/>
      <line num="94" count="4" type="stmt"/>
      <line num="95" count="4" type="stmt"/>
      <line num="97" count="4" type="stmt"/>
      <line num="101" count="4" type="stmt"/>
      <line num="103" count="4" type="cond" truecount="2" falsecount="0"/>
      <line num="104" count="1" type="stmt"/>
      <line num="105" count="1" type="stmt"/>
      <line num="107" count="3" type="stmt"/>
      <line num="108" count="3" type="stmt"/>
      <line num="111" count="4" type="stmt"/>
      <line num="112" count="4" type="stmt"/>
      <line num="114" count="4" type="stmt"/>
      <line num="118" count="2" type="stmt"/>
      <line num="121" count="2" type="cond" truecount="1" falsecount="1"/>
      <line num="122" count="0" type="stmt"/>
      <line num="123" count="0" type="stmt"/>
      <line num="126" count="2" type="stmt"/>
      <line num="127" count="2" type="stmt"/>
      <line num="129" count="2" type="stmt"/>
      <line num="130" count="1" type="stmt"/>
      <line num="133" count="2" type="stmt"/>
      <line num="134" count="2" type="stmt"/>
      <line num="135" count="2" type="stmt"/>
      <line num="138" count="2" type="stmt"/>
      <line num="139" count="2" type="stmt"/>
      <line num="140" count="2" type="stmt"/>
      <line num="145" count="2" type="cond" truecount="2" falsecount="0"/>
      <line num="146" count="1" type="stmt"/>
      <line num="149" count="1" type="cond" truecount="1" falsecount="1"/>
      <line num="150" count="1" type="stmt"/>
      <line num="151" count="1" type="stmt"/>
      <line num="153" count="2" type="stmt"/>
      <line num="154" count="2" type="stmt"/>
      <line num="158" count="2" type="stmt"/>
      <line num="161" count="2" type="cond" truecount="2" falsecount="0"/>
      <line num="162" count="1" type="stmt"/>
      <line num="165" count="2" type="cond" truecount="2" falsecount="0"/>
      <line num="166" count="1" type="stmt"/>
      <line num="167" count="4" type="stmt"/>
      <line num="169" count="1" type="stmt"/>
      <line num="170" count="1" type="stmt"/>
      <line num="172" count="2" type="stmt"/>
      <line num="173" count="2" type="stmt"/>
      <line num="178" count="2" type="cond" truecount="2" falsecount="0"/>
      <line num="179" count="1" type="stmt"/>
      <line num="182" count="2" type="cond" truecount="2" falsecount="0"/>
      <line num="183" count="1" type="stmt"/>
      <line num="185" count="1" type="cond" truecount="1" falsecount="1"/>
      <line num="186" count="1" type="stmt"/>
      <line num="187" count="2" type="stmt"/>
      <line num="190" count="0" type="stmt"/>
      <line num="191" count="0" type="stmt"/>
      <line num="194" count="1" type="stmt"/>
      <line num="196" count="1" type="stmt"/>
      <line num="197" count="1" type="stmt"/>
      <line num="200" count="2" type="stmt"/>
      <line num="207" count="3" type="cond" truecount="1" falsecount="1"/>
      <line num="208" count="0" type="stmt"/>
      <line num="211" count="3" type="cond" truecount="1" falsecount="1"/>
      <line num="213" count="3" type="stmt"/>
      <line num="217" count="3" type="stmt"/>
      <line num="224" count="3" type="cond" truecount="1" falsecount="1"/>
      <line num="225" count="0" type="stmt"/>
      <line num="228" count="3" type="cond" truecount="1" falsecount="1"/>
      <line num="230" count="30" type="stmt"/>
      <line num="234" count="3" type="stmt"/>
      <line num="240" count="1" type="stmt"/>
    </file>
  </project>
</coverage>
