{"/Users/dannaediaz/Desktop/Ksquare/Testing/Linked-list-jest/linkedlist.js": {"path":"/Users/dannaediaz/Desktop/Ksquare/Testing/Linked-list-jest/linkedlist.js","statementMap":{"0":{"start":{"line":5,"column":8},"end":{"line":5,"column":25}},"1":{"start":{"line":6,"column":8},"end":{"line":6,"column":25}},"2":{"start":{"line":14,"column":8},"end":{"line":14,"column":25}},"3":{"start":{"line":15,"column":8},"end":{"line":15,"column":25}},"4":{"start":{"line":16,"column":8},"end":{"line":16,"column":22}},"5":{"start":{"line":17,"column":8},"end":{"line":17,"column":55}},"6":{"start":{"line":23,"column":8},"end":{"line":35,"column":9}},"7":{"start":{"line":24,"column":12},"end":{"line":24,"column":34}},"8":{"start":{"line":26,"column":13},"end":{"line":35,"column":9}},"9":{"start":{"line":27,"column":12},"end":{"line":27,"column":41}},"10":{"start":{"line":28,"column":26},"end":{"line":28,"column":35}},"11":{"start":{"line":29,"column":12},"end":{"line":32,"column":13}},"12":{"start":{"line":29,"column":25},"end":{"line":29,"column":26}},"13":{"start":{"line":30,"column":16},"end":{"line":30,"column":48}},"14":{"start":{"line":31,"column":16},"end":{"line":31,"column":39}},"15":{"start":{"line":33,"column":12},"end":{"line":33,"column":32}},"16":{"start":{"line":34,"column":12},"end":{"line":34,"column":37}},"17":{"start":{"line":36,"column":8},"end":{"line":36,"column":78}},"18":{"start":{"line":37,"column":8},"end":{"line":37,"column":20}},"19":{"start":{"line":42,"column":23},"end":{"line":42,"column":32}},"20":{"start":{"line":43,"column":22},"end":{"line":43,"column":24}},"21":{"start":{"line":45,"column":8},"end":{"line":52,"column":9}},"22":{"start":{"line":46,"column":12},"end":{"line":46,"column":41}},"23":{"start":{"line":48,"column":12},"end":{"line":51,"column":13}},"24":{"start":{"line":49,"column":16},"end":{"line":49,"column":41}},"25":{"start":{"line":50,"column":16},"end":{"line":50,"column":65}},"26":{"start":{"line":53,"column":8},"end":{"line":53,"column":40}},"27":{"start":{"line":58,"column":23},"end":{"line":58,"column":32}},"28":{"start":{"line":59,"column":24},"end":{"line":59,"column":26}},"29":{"start":{"line":61,"column":8},"end":{"line":68,"column":9}},"30":{"start":{"line":62,"column":12},"end":{"line":62,"column":40}},"31":{"start":{"line":64,"column":12},"end":{"line":67,"column":13}},"32":{"start":{"line":65,"column":16},"end":{"line":65,"column":41}},"33":{"start":{"line":66,"column":16},"end":{"line":66,"column":44}},"34":{"start":{"line":69,"column":8},"end":{"line":69,"column":23}},"35":{"start":{"line":73,"column":22},"end":{"line":73,"column":36}},"36":{"start":{"line":77,"column":8},"end":{"line":93,"column":9}},"37":{"start":{"line":78,"column":12},"end":{"line":78,"column":32}},"38":{"start":{"line":79,"column":12},"end":{"line":79,"column":34}},"39":{"start":{"line":83,"column":12},"end":{"line":83,"column":33}},"40":{"start":{"line":87,"column":12},"end":{"line":89,"column":13}},"41":{"start":{"line":88,"column":16},"end":{"line":88,"column":41}},"42":{"start":{"line":91,"column":12},"end":{"line":91,"column":36}},"43":{"start":{"line":92,"column":12},"end":{"line":92,"column":38}},"44":{"start":{"line":94,"column":8},"end":{"line":94,"column":20}},"45":{"start":{"line":95,"column":8},"end":{"line":95,"column":68}},"46":{"start":{"line":97,"column":8},"end":{"line":97,"column":25}},"47":{"start":{"line":101,"column":22},"end":{"line":101,"column":36}},"48":{"start":{"line":103,"column":8},"end":{"line":109,"column":9}},"49":{"start":{"line":104,"column":12},"end":{"line":104,"column":32}},"50":{"start":{"line":105,"column":12},"end":{"line":105,"column":34}},"51":{"start":{"line":107,"column":12},"end":{"line":107,"column":37}},"52":{"start":{"line":108,"column":12},"end":{"line":108,"column":32}},"53":{"start":{"line":111,"column":8},"end":{"line":111,"column":20}},"54":{"start":{"line":112,"column":8},"end":{"line":112,"column":68}},"55":{"start":{"line":114,"column":8},"end":{"line":114,"column":25}},"56":{"start":{"line":118,"column":24},"end":{"line":118,"column":38}},"57":{"start":{"line":121,"column":8},"end":{"line":136,"column":9}},"58":{"start":{"line":122,"column":12},"end":{"line":122,"column":32}},"59":{"start":{"line":123,"column":12},"end":{"line":123,"column":34}},"60":{"start":{"line":126,"column":30},"end":{"line":126,"column":39}},"61":{"start":{"line":127,"column":30},"end":{"line":127,"column":44}},"62":{"start":{"line":129,"column":12},"end":{"line":131,"column":13}},"63":{"start":{"line":129,"column":25},"end":{"line":129,"column":26}},"64":{"start":{"line":130,"column":16},"end":{"line":130,"column":47}},"65":{"start":{"line":133,"column":12},"end":{"line":133,"column":43}},"66":{"start":{"line":134,"column":12},"end":{"line":134,"column":39}},"67":{"start":{"line":135,"column":12},"end":{"line":135,"column":39}},"68":{"start":{"line":138,"column":8},"end":{"line":138,"column":20}},"69":{"start":{"line":139,"column":8},"end":{"line":139,"column":70}},"70":{"start":{"line":140,"column":8},"end":{"line":140,"column":20}},"71":{"start":{"line":145,"column":8},"end":{"line":152,"column":9}},"72":{"start":{"line":146,"column":12},"end":{"line":146,"column":34}},"73":{"start":{"line":149,"column":13},"end":{"line":152,"column":9}},"74":{"start":{"line":150,"column":12},"end":{"line":150,"column":39}},"75":{"start":{"line":151,"column":12},"end":{"line":151,"column":24}},"76":{"start":{"line":153,"column":8},"end":{"line":153,"column":59}},"77":{"start":{"line":154,"column":8},"end":{"line":154,"column":25}},"78":{"start":{"line":158,"column":22},"end":{"line":158,"column":31}},"79":{"start":{"line":161,"column":8},"end":{"line":163,"column":9}},"80":{"start":{"line":162,"column":12},"end":{"line":162,"column":34}},"81":{"start":{"line":165,"column":9},"end":{"line":171,"column":9}},"82":{"start":{"line":166,"column":12},"end":{"line":168,"column":13}},"83":{"start":{"line":166,"column":25},"end":{"line":166,"column":26}},"84":{"start":{"line":167,"column":16},"end":{"line":167,"column":39}},"85":{"start":{"line":169,"column":12},"end":{"line":169,"column":32}},"86":{"start":{"line":170,"column":12},"end":{"line":170,"column":32}},"87":{"start":{"line":172,"column":8},"end":{"line":172,"column":59}},"88":{"start":{"line":173,"column":8},"end":{"line":173,"column":25}},"89":{"start":{"line":178,"column":8},"end":{"line":180,"column":9}},"90":{"start":{"line":179,"column":12},"end":{"line":179,"column":34}},"91":{"start":{"line":182,"column":8},"end":{"line":199,"column":9}},"92":{"start":{"line":183,"column":24},"end":{"line":183,"column":33}},"93":{"start":{"line":185,"column":10},"end":{"line":193,"column":11}},"94":{"start":{"line":186,"column":12},"end":{"line":188,"column":13}},"95":{"start":{"line":186,"column":25},"end":{"line":186,"column":26}},"96":{"start":{"line":187,"column":14},"end":{"line":187,"column":37}},"97":{"start":{"line":190,"column":12},"end":{"line":192,"column":13}},"98":{"start":{"line":190,"column":25},"end":{"line":190,"column":26}},"99":{"start":{"line":191,"column":14},"end":{"line":191,"column":37}},"100":{"start":{"line":194,"column":10},"end":{"line":194,"column":43}},"101":{"start":{"line":196,"column":10},"end":{"line":196,"column":22}},"102":{"start":{"line":197,"column":10},"end":{"line":197,"column":78}},"103":{"start":{"line":200,"column":8},"end":{"line":200,"column":20}},"104":{"start":{"line":207,"column":8},"end":{"line":214,"column":9}},"105":{"start":{"line":208,"column":12},"end":{"line":208,"column":34}},"106":{"start":{"line":211,"column":13},"end":{"line":214,"column":9}},"107":{"start":{"line":213,"column":12},"end":{"line":213,"column":51}},"108":{"start":{"line":217,"column":8},"end":{"line":217,"column":44}},"109":{"start":{"line":224,"column":8},"end":{"line":231,"column":9}},"110":{"start":{"line":225,"column":12},"end":{"line":225,"column":34}},"111":{"start":{"line":228,"column":13},"end":{"line":231,"column":9}},"112":{"start":{"line":230,"column":12},"end":{"line":230,"column":61}},"113":{"start":{"line":230,"column":54},"end":{"line":230,"column":59}},"114":{"start":{"line":234,"column":8},"end":{"line":234,"column":42}},"115":{"start":{"line":240,"column":0},"end":{"line":240,"column":28}}},"fnMap":{"0":{"name":"(anonymous_0)","decl":{"start":{"line":4,"column":4},"end":{"line":4,"column":5}},"loc":{"start":{"line":4,"column":28},"end":{"line":8,"column":5}},"line":4},"1":{"name":"(anonymous_1)","decl":{"start":{"line":13,"column":4},"end":{"line":13,"column":5}},"loc":{"start":{"line":13,"column":17},"end":{"line":18,"column":5}},"line":13},"2":{"name":"(anonymous_2)","decl":{"start":{"line":21,"column":4},"end":{"line":21,"column":5}},"loc":{"start":{"line":21,"column":19},"end":{"line":38,"column":5}},"line":21},"3":{"name":"(anonymous_3)","decl":{"start":{"line":41,"column":4},"end":{"line":41,"column":5}},"loc":{"start":{"line":41,"column":16},"end":{"line":54,"column":5}},"line":41},"4":{"name":"(anonymous_4)","decl":{"start":{"line":57,"column":4},"end":{"line":57,"column":5}},"loc":{"start":{"line":57,"column":14},"end":{"line":70,"column":5}},"line":57},"5":{"name":"(anonymous_5)","decl":{"start":{"line":72,"column":4},"end":{"line":72,"column":5}},"loc":{"start":{"line":72,"column":19},"end":{"line":98,"column":5}},"line":72},"6":{"name":"(anonymous_6)","decl":{"start":{"line":100,"column":4},"end":{"line":100,"column":5}},"loc":{"start":{"line":100,"column":19},"end":{"line":115,"column":5}},"line":100},"7":{"name":"(anonymous_7)","decl":{"start":{"line":117,"column":4},"end":{"line":117,"column":5}},"loc":{"start":{"line":117,"column":18},"end":{"line":141,"column":5}},"line":117},"8":{"name":"(anonymous_8)","decl":{"start":{"line":143,"column":4},"end":{"line":143,"column":5}},"loc":{"start":{"line":143,"column":16},"end":{"line":155,"column":5}},"line":143},"9":{"name":"(anonymous_9)","decl":{"start":{"line":157,"column":4},"end":{"line":157,"column":5}},"loc":{"start":{"line":157,"column":16},"end":{"line":174,"column":5}},"line":157},"10":{"name":"(anonymous_10)","decl":{"start":{"line":176,"column":4},"end":{"line":176,"column":5}},"loc":{"start":{"line":176,"column":16},"end":{"line":201,"column":1}},"line":176},"11":{"name":"(anonymous_11)","decl":{"start":{"line":203,"column":4},"end":{"line":203,"column":5}},"loc":{"start":{"line":203,"column":17},"end":{"line":218,"column":5}},"line":203},"12":{"name":"(anonymous_12)","decl":{"start":{"line":220,"column":4},"end":{"line":220,"column":5}},"loc":{"start":{"line":220,"column":14},"end":{"line":235,"column":5}},"line":220},"13":{"name":"(anonymous_13)","decl":{"start":{"line":230,"column":44},"end":{"line":230,"column":45}},"loc":{"start":{"line":230,"column":54},"end":{"line":230,"column":59}},"line":230}},"branchMap":{"0":{"loc":{"start":{"line":4,"column":16},"end":{"line":4,"column":27}},"type":"default-arg","locations":[{"start":{"line":4,"column":23},"end":{"line":4,"column":27}}],"line":4},"1":{"loc":{"start":{"line":23,"column":8},"end":{"line":35,"column":9}},"type":"if","locations":[{"start":{"line":23,"column":8},"end":{"line":35,"column":9}},{"start":{"line":26,"column":13},"end":{"line":35,"column":9}}],"line":23},"2":{"loc":{"start":{"line":26,"column":13},"end":{"line":35,"column":9}},"type":"if","locations":[{"start":{"line":26,"column":13},"end":{"line":35,"column":9}},{"start":{},"end":{}}],"line":26},"3":{"loc":{"start":{"line":45,"column":8},"end":{"line":52,"column":9}},"type":"if","locations":[{"start":{"line":45,"column":8},"end":{"line":52,"column":9}},{"start":{},"end":{}}],"line":45},"4":{"loc":{"start":{"line":61,"column":8},"end":{"line":68,"column":9}},"type":"if","locations":[{"start":{"line":61,"column":8},"end":{"line":68,"column":9}},{"start":{},"end":{}}],"line":61},"5":{"loc":{"start":{"line":77,"column":8},"end":{"line":93,"column":9}},"type":"if","locations":[{"start":{"line":77,"column":8},"end":{"line":93,"column":9}},{"start":{"line":81,"column":13},"end":{"line":93,"column":9}}],"line":77},"6":{"loc":{"start":{"line":103,"column":8},"end":{"line":109,"column":9}},"type":"if","locations":[{"start":{"line":103,"column":8},"end":{"line":109,"column":9}},{"start":{"line":106,"column":14},"end":{"line":109,"column":9}}],"line":103},"7":{"loc":{"start":{"line":121,"column":8},"end":{"line":136,"column":9}},"type":"if","locations":[{"start":{"line":121,"column":8},"end":{"line":136,"column":9}},{"start":{"line":125,"column":13},"end":{"line":136,"column":9}}],"line":121},"8":{"loc":{"start":{"line":145,"column":8},"end":{"line":152,"column":9}},"type":"if","locations":[{"start":{"line":145,"column":8},"end":{"line":152,"column":9}},{"start":{"line":149,"column":13},"end":{"line":152,"column":9}}],"line":145},"9":{"loc":{"start":{"line":149,"column":13},"end":{"line":152,"column":9}},"type":"if","locations":[{"start":{"line":149,"column":13},"end":{"line":152,"column":9}},{"start":{},"end":{}}],"line":149},"10":{"loc":{"start":{"line":161,"column":8},"end":{"line":163,"column":9}},"type":"if","locations":[{"start":{"line":161,"column":8},"end":{"line":163,"column":9}},{"start":{},"end":{}}],"line":161},"11":{"loc":{"start":{"line":165,"column":9},"end":{"line":171,"column":9}},"type":"if","locations":[{"start":{"line":165,"column":9},"end":{"line":171,"column":9}},{"start":{},"end":{}}],"line":165},"12":{"loc":{"start":{"line":178,"column":8},"end":{"line":180,"column":9}},"type":"if","locations":[{"start":{"line":178,"column":8},"end":{"line":180,"column":9}},{"start":{},"end":{}}],"line":178},"13":{"loc":{"start":{"line":182,"column":8},"end":{"line":199,"column":9}},"type":"if","locations":[{"start":{"line":182,"column":8},"end":{"line":199,"column":9}},{"start":{},"end":{}}],"line":182},"14":{"loc":{"start":{"line":185,"column":10},"end":{"line":193,"column":11}},"type":"if","locations":[{"start":{"line":185,"column":10},"end":{"line":193,"column":11}},{"start":{"line":189,"column":17},"end":{"line":193,"column":11}}],"line":185},"15":{"loc":{"start":{"line":207,"column":8},"end":{"line":214,"column":9}},"type":"if","locations":[{"start":{"line":207,"column":8},"end":{"line":214,"column":9}},{"start":{"line":211,"column":13},"end":{"line":214,"column":9}}],"line":207},"16":{"loc":{"start":{"line":211,"column":13},"end":{"line":214,"column":9}},"type":"if","locations":[{"start":{"line":211,"column":13},"end":{"line":214,"column":9}},{"start":{},"end":{}}],"line":211},"17":{"loc":{"start":{"line":224,"column":8},"end":{"line":231,"column":9}},"type":"if","locations":[{"start":{"line":224,"column":8},"end":{"line":231,"column":9}},{"start":{"line":228,"column":13},"end":{"line":231,"column":9}}],"line":224},"18":{"loc":{"start":{"line":228,"column":13},"end":{"line":231,"column":9}},"type":"if","locations":[{"start":{"line":228,"column":13},"end":{"line":231,"column":9}},{"start":{},"end":{}}],"line":228}},"s":{"0":86,"1":86,"2":8,"3":8,"4":8,"5":8,"6":12,"7":0,"8":12,"9":12,"10":12,"11":12,"12":12,"13":64,"14":64,"15":12,"16":12,"17":12,"18":12,"19":35,"20":35,"21":35,"22":25,"23":25,"24":93,"25":93,"26":35,"27":6,"28":6,"29":6,"30":6,"31":6,"32":36,"33":36,"34":6,"35":4,"36":4,"37":1,"38":1,"39":3,"40":3,"41":3,"42":3,"43":3,"44":4,"45":4,"46":4,"47":4,"48":4,"49":1,"50":1,"51":3,"52":3,"53":4,"54":4,"55":4,"56":2,"57":2,"58":0,"59":0,"60":2,"61":2,"62":2,"63":2,"64":1,"65":2,"66":2,"67":2,"68":2,"69":2,"70":2,"71":2,"72":1,"73":1,"74":1,"75":1,"76":2,"77":2,"78":2,"79":2,"80":1,"81":2,"82":1,"83":1,"84":4,"85":1,"86":1,"87":2,"88":2,"89":2,"90":1,"91":2,"92":1,"93":1,"94":1,"95":1,"96":2,"97":0,"98":0,"99":0,"100":1,"101":1,"102":1,"103":2,"104":3,"105":0,"106":3,"107":3,"108":3,"109":3,"110":0,"111":3,"112":3,"113":30,"114":3,"115":1},"f":{"0":86,"1":8,"2":12,"3":35,"4":6,"5":4,"6":4,"7":2,"8":2,"9":2,"10":2,"11":3,"12":3,"13":30},"b":{"0":[1],"1":[0,12],"2":[12,0],"3":[25,10],"4":[6,0],"5":[1,3],"6":[1,3],"7":[0,2],"8":[1,1],"9":[1,0],"10":[1,1],"11":[1,1],"12":[1,1],"13":[1,1],"14":[1,0],"15":[0,3],"16":[3,0],"17":[0,3],"18":[3,0]},"_coverageSchema":"1a1c01bbd47fc00a2c39e90264f33305004495a9","hash":"6b905be916fff18757b2512533f1a20015441ba1"}
}
