{"/Users/dannaediaz/Desktop/Ksquare/Testing/Linked-list-jest/linkedlist.js": {"path":"/Users/dannaediaz/Desktop/Ksquare/Testing/Linked-list-jest/linkedlist.js","statementMap":{"0":{"start":{"line":5,"column":8},"end":{"line":5,"column":25}},"1":{"start":{"line":6,"column":8},"end":{"line":6,"column":25}},"2":{"start":{"line":14,"column":8},"end":{"line":14,"column":25}},"3":{"start":{"line":15,"column":8},"end":{"line":15,"column":25}},"4":{"start":{"line":16,"column":8},"end":{"line":16,"column":22}},"5":{"start":{"line":17,"column":8},"end":{"line":17,"column":55}},"6":{"start":{"line":21,"column":8},"end":{"line":30,"column":9}},"7":{"start":{"line":22,"column":12},"end":{"line":22,"column":41}},"8":{"start":{"line":23,"column":26},"end":{"line":23,"column":35}},"9":{"start":{"line":24,"column":12},"end":{"line":27,"column":13}},"10":{"start":{"line":24,"column":25},"end":{"line":24,"column":26}},"11":{"start":{"line":25,"column":16},"end":{"line":25,"column":48}},"12":{"start":{"line":26,"column":16},"end":{"line":26,"column":39}},"13":{"start":{"line":28,"column":12},"end":{"line":28,"column":32}},"14":{"start":{"line":29,"column":12},"end":{"line":29,"column":37}},"15":{"start":{"line":31,"column":8},"end":{"line":31,"column":78}},"16":{"start":{"line":35,"column":22},"end":{"line":35,"column":36}},"17":{"start":{"line":39,"column":8},"end":{"line":55,"column":9}},"18":{"start":{"line":40,"column":12},"end":{"line":40,"column":32}},"19":{"start":{"line":41,"column":12},"end":{"line":41,"column":32}},"20":{"start":{"line":45,"column":12},"end":{"line":45,"column":33}},"21":{"start":{"line":49,"column":12},"end":{"line":51,"column":13}},"22":{"start":{"line":50,"column":16},"end":{"line":50,"column":41}},"23":{"start":{"line":53,"column":12},"end":{"line":53,"column":36}},"24":{"start":{"line":54,"column":12},"end":{"line":54,"column":38}},"25":{"start":{"line":56,"column":8},"end":{"line":56,"column":20}},"26":{"start":{"line":57,"column":8},"end":{"line":57,"column":68}},"27":{"start":{"line":59,"column":8},"end":{"line":59,"column":25}},"28":{"start":{"line":63,"column":22},"end":{"line":63,"column":36}},"29":{"start":{"line":65,"column":8},"end":{"line":71,"column":9}},"30":{"start":{"line":66,"column":12},"end":{"line":66,"column":32}},"31":{"start":{"line":67,"column":12},"end":{"line":67,"column":32}},"32":{"start":{"line":69,"column":12},"end":{"line":69,"column":37}},"33":{"start":{"line":70,"column":12},"end":{"line":70,"column":32}},"34":{"start":{"line":73,"column":8},"end":{"line":73,"column":20}},"35":{"start":{"line":74,"column":8},"end":{"line":74,"column":68}},"36":{"start":{"line":76,"column":8},"end":{"line":76,"column":25}},"37":{"start":{"line":81,"column":8},"end":{"line":84,"column":9}},"38":{"start":{"line":82,"column":12},"end":{"line":82,"column":39}},"39":{"start":{"line":83,"column":12},"end":{"line":83,"column":24}},"40":{"start":{"line":85,"column":8},"end":{"line":85,"column":59}},"41":{"start":{"line":86,"column":8},"end":{"line":86,"column":25}},"42":{"start":{"line":90,"column":23},"end":{"line":90,"column":32}},"43":{"start":{"line":91,"column":24},"end":{"line":91,"column":26}},"44":{"start":{"line":92,"column":22},"end":{"line":92,"column":24}},"45":{"start":{"line":94,"column":8},"end":{"line":103,"column":9}},"46":{"start":{"line":95,"column":10},"end":{"line":95,"column":38}},"47":{"start":{"line":96,"column":10},"end":{"line":96,"column":39}},"48":{"start":{"line":98,"column":10},"end":{"line":102,"column":11}},"49":{"start":{"line":99,"column":12},"end":{"line":99,"column":37}},"50":{"start":{"line":100,"column":12},"end":{"line":100,"column":40}},"51":{"start":{"line":101,"column":12},"end":{"line":101,"column":61}},"52":{"start":{"line":106,"column":8},"end":{"line":106,"column":40}},"53":{"start":{"line":131,"column":0},"end":{"line":131,"column":28}}},"fnMap":{"0":{"name":"(anonymous_0)","decl":{"start":{"line":4,"column":4},"end":{"line":4,"column":5}},"loc":{"start":{"line":4,"column":28},"end":{"line":8,"column":5}},"line":4},"1":{"name":"(anonymous_1)","decl":{"start":{"line":13,"column":4},"end":{"line":13,"column":5}},"loc":{"start":{"line":13,"column":17},"end":{"line":18,"column":5}},"line":13},"2":{"name":"(anonymous_2)","decl":{"start":{"line":20,"column":4},"end":{"line":20,"column":5}},"loc":{"start":{"line":20,"column":19},"end":{"line":32,"column":5}},"line":20},"3":{"name":"(anonymous_3)","decl":{"start":{"line":34,"column":4},"end":{"line":34,"column":5}},"loc":{"start":{"line":34,"column":19},"end":{"line":60,"column":5}},"line":34},"4":{"name":"(anonymous_4)","decl":{"start":{"line":62,"column":4},"end":{"line":62,"column":5}},"loc":{"start":{"line":62,"column":19},"end":{"line":77,"column":5}},"line":62},"5":{"name":"(anonymous_5)","decl":{"start":{"line":79,"column":4},"end":{"line":79,"column":5}},"loc":{"start":{"line":79,"column":16},"end":{"line":87,"column":5}},"line":79},"6":{"name":"(anonymous_6)","decl":{"start":{"line":89,"column":4},"end":{"line":89,"column":5}},"loc":{"start":{"line":89,"column":16},"end":{"line":107,"column":7}},"line":89}},"branchMap":{"0":{"loc":{"start":{"line":4,"column":16},"end":{"line":4,"column":27}},"type":"default-arg","locations":[{"start":{"line":4,"column":23},"end":{"line":4,"column":27}}],"line":4},"1":{"loc":{"start":{"line":21,"column":8},"end":{"line":30,"column":9}},"type":"if","locations":[{"start":{"line":21,"column":8},"end":{"line":30,"column":9}},{"start":{},"end":{}}],"line":21},"2":{"loc":{"start":{"line":39,"column":8},"end":{"line":55,"column":9}},"type":"if","locations":[{"start":{"line":39,"column":8},"end":{"line":55,"column":9}},{"start":{"line":43,"column":13},"end":{"line":55,"column":9}}],"line":39},"3":{"loc":{"start":{"line":65,"column":8},"end":{"line":71,"column":9}},"type":"if","locations":[{"start":{"line":65,"column":8},"end":{"line":71,"column":9}},{"start":{"line":68,"column":14},"end":{"line":71,"column":9}}],"line":65},"4":{"loc":{"start":{"line":81,"column":8},"end":{"line":84,"column":9}},"type":"if","locations":[{"start":{"line":81,"column":8},"end":{"line":84,"column":9}},{"start":{},"end":{}}],"line":81},"5":{"loc":{"start":{"line":94,"column":8},"end":{"line":103,"column":9}},"type":"if","locations":[{"start":{"line":94,"column":8},"end":{"line":103,"column":9}},{"start":{},"end":{}}],"line":94}},"s":{"0":14,"1":14,"2":3,"3":3,"4":3,"5":3,"6":1,"7":1,"8":1,"9":1,"10":1,"11":5,"12":5,"13":1,"14":1,"15":1,"16":4,"17":4,"18":1,"19":1,"20":3,"21":3,"22":3,"23":3,"24":3,"25":4,"26":4,"27":4,"28":4,"29":4,"30":1,"31":1,"32":3,"33":3,"34":4,"35":4,"36":4,"37":1,"38":1,"39":1,"40":1,"41":1,"42":13,"43":13,"44":13,"45":13,"46":10,"47":10,"48":10,"49":21,"50":21,"51":21,"52":13,"53":1},"f":{"0":14,"1":3,"2":1,"3":4,"4":4,"5":1,"6":13},"b":{"0":[0],"1":[1,0],"2":[1,3],"3":[1,3],"4":[1,0],"5":[10,3]},"_coverageSchema":"1a1c01bbd47fc00a2c39e90264f33305004495a9","hash":"de7a9ddea44e02178ad96c74dbf2c64d21eadca6"}
}
