TN:
SF:linkedlist.js
FN:4,(anonymous_0)
FN:13,(anonymous_1)
FN:21,(anonymous_2)
FN:41,(anonymous_3)
FN:57,(anonymous_4)
FN:72,(anonymous_5)
FN:100,(anonymous_6)
FN:117,(anonymous_7)
FN:143,(anonymous_8)
FN:157,(anonymous_9)
FN:176,(anonymous_10)
FN:203,(anonymous_11)
FN:220,(anonymous_12)
FN:230,(anonymous_13)
FNF:14
FNH:14
FNDA:86,(anonymous_0)
FNDA:8,(anonymous_1)
FNDA:12,(anonymous_2)
FNDA:35,(anonymous_3)
FNDA:6,(anonymous_4)
FNDA:4,(anonymous_5)
FNDA:4,(anonymous_6)
FNDA:2,(anonymous_7)
FNDA:2,(anonymous_8)
FNDA:2,(anonymous_9)
FNDA:2,(anonymous_10)
FNDA:3,(anonymous_11)
FNDA:3,(anonymous_12)
FNDA:30,(anonymous_13)
DA:5,86
DA:6,86
DA:14,8
DA:15,8
DA:16,8
DA:17,8
DA:23,12
DA:24,0
DA:26,12
DA:27,12
DA:28,12
DA:29,12
DA:30,64
DA:31,64
DA:33,12
DA:34,12
DA:36,12
DA:37,12
DA:42,35
DA:43,35
DA:45,35
DA:46,25
DA:48,25
DA:49,93
DA:50,93
DA:53,35
DA:58,6
DA:59,6
DA:61,6
DA:62,6
DA:64,6
DA:65,36
DA:66,36
DA:69,6
DA:73,4
DA:77,4
DA:78,1
DA:79,1
DA:83,3
DA:87,3
DA:88,3
DA:91,3
DA:92,3
DA:94,4
DA:95,4
DA:97,4
DA:101,4
DA:103,4
DA:104,1
DA:105,1
DA:107,3
DA:108,3
DA:111,4
DA:112,4
DA:114,4
DA:118,2
DA:121,2
DA:122,0
DA:123,0
DA:126,2
DA:127,2
DA:129,2
DA:130,1
DA:133,2
DA:134,2
DA:135,2
DA:138,2
DA:139,2
DA:140,2
DA:145,2
DA:146,1
DA:149,1
DA:150,1
DA:151,1
DA:153,2
DA:154,2
DA:158,2
DA:161,2
DA:162,1
DA:165,2
DA:166,1
DA:167,4
DA:169,1
DA:170,1
DA:172,2
DA:173,2
DA:178,2
DA:179,1
DA:182,2
DA:183,1
DA:185,1
DA:186,1
DA:187,2
DA:190,0
DA:191,0
DA:194,1
DA:196,1
DA:197,1
DA:200,2
DA:207,3
DA:208,0
DA:211,3
DA:213,3
DA:217,3
DA:224,3
DA:225,0
DA:228,3
DA:230,30
DA:234,3
DA:240,1
LF:110
LH:103
BRDA:4,0,0,1
BRDA:23,1,0,0
BRDA:23,1,1,12
BRDA:26,2,0,12
BRDA:26,2,1,0
BRDA:45,3,0,25
BRDA:45,3,1,10
BRDA:61,4,0,6
BRDA:61,4,1,0
BRDA:77,5,0,1
BRDA:77,5,1,3
BRDA:103,6,0,1
BRDA:103,6,1,3
BRDA:121,7,0,0
BRDA:121,7,1,2
BRDA:145,8,0,1
BRDA:145,8,1,1
BRDA:149,9,0,1
BRDA:149,9,1,0
BRDA:161,10,0,1
BRDA:161,10,1,1
BRDA:165,11,0,1
BRDA:165,11,1,1
BRDA:178,12,0,1
BRDA:178,12,1,1
BRDA:182,13,0,1
BRDA:182,13,1,1
BRDA:185,14,0,1
BRDA:185,14,1,0
BRDA:207,15,0,0
BRDA:207,15,1,3
BRDA:211,16,0,3
BRDA:211,16,1,0
BRDA:224,17,0,0
BRDA:224,17,1,3
BRDA:228,18,0,3
BRDA:228,18,1,0
BRF:37
BRH:27
end_of_record
