TN:
SF:linkedlist.js
FN:4,(anonymous_0)
FN:13,(anonymous_1)
FN:20,(anonymous_2)
FN:34,(anonymous_3)
FN:62,(anonymous_4)
FN:79,(anonymous_5)
FN:89,(anonymous_6)
FNF:7
FNH:7
FNDA:14,(anonymous_0)
FNDA:3,(anonymous_1)
FNDA:1,(anonymous_2)
FNDA:4,(anonymous_3)
FNDA:4,(anonymous_4)
FNDA:1,(anonymous_5)
FNDA:13,(anonymous_6)
DA:5,14
DA:6,14
DA:14,3
DA:15,3
DA:16,3
DA:17,3
DA:21,1
DA:22,1
DA:23,1
DA:24,1
DA:25,5
DA:26,5
DA:28,1
DA:29,1
DA:31,1
DA:35,4
DA:39,4
DA:40,1
DA:41,1
DA:45,3
DA:49,3
DA:50,3
DA:53,3
DA:54,3
DA:56,4
DA:57,4
DA:59,4
DA:63,4
DA:65,4
DA:66,1
DA:67,1
DA:69,3
DA:70,3
DA:73,4
DA:74,4
DA:76,4
DA:81,1
DA:82,1
DA:83,1
DA:85,1
DA:86,1
DA:90,13
DA:91,13
DA:92,13
DA:94,13
DA:95,10
DA:96,10
DA:98,10
DA:99,21
DA:100,21
DA:101,21
DA:106,13
DA:131,1
LF:53
LH:53
BRDA:4,0,0,0
BRDA:21,1,0,1
BRDA:21,1,1,0
BRDA:39,2,0,1
BRDA:39,2,1,3
BRDA:65,3,0,1
BRDA:65,3,1,3
BRDA:81,4,0,1
BRDA:81,4,1,0
BRDA:94,5,0,10
BRDA:94,5,1,3
BRF:11
BRH:8
end_of_record
